<?xml version="1.0" encoding="UTF-8"?>
<!-- Generated by org.testng.reporters.JUnitXMLReporter -->
<testsuite ignored="0" hostname="podobreeva" failures="1" tests="1" name="Chrome Test" time="6.096" errors="0" timestamp="26 февр. 2020 12:36:41 GMT">
  <testcase classname="regressionsuite.TestNG_TestParallel1" name="@AfterClass cleanUp" time="0.001">
    <failure type="java.lang.NullPointerException">
      <![CDATA[java.lang.NullPointerException
at regressionsuite.TestNG_TestParallel1.cleanUp(TestNG_TestParallel1.java:65)
at java.base/java.util.concurrent.FutureTask.run(FutureTask.java:264)
at java.base/java.util.concurrent.ThreadPoolExecutor.runWorker(ThreadPoolExecutor.java:1128)
at java.base/java.util.concurrent.ThreadPoolExecutor$Worker.run(ThreadPoolExecutor.java:628)
at java.base/java.lang.Thread.run(Thread.java:834)
... Removed 17 stack frames]]>
    </failure>
  </testcase> <!-- @AfterClass cleanUp -->
  <testcase classname="regressionsuite.TestNG_TestParallel1" name="monitor1Test" time="6.023">
    <failure type="java.lang.NullPointerException">
      <![CDATA[java.lang.NullPointerException
at regressionsuite.TestNG_TestParallel1.monitor1Test(TestNG_TestParallel1.java:43)
at java.base/java.util.concurrent.FutureTask.run(FutureTask.java:264)
at java.base/java.util.concurrent.ThreadPoolExecutor.runWorker(ThreadPoolExecutor.java:1128)
at java.base/java.util.concurrent.ThreadPoolExecutor$Worker.run(ThreadPoolExecutor.java:628)
at java.base/java.lang.Thread.run(Thread.java:834)
... Removed 16 stack frames]]>
    </failure>
  </testcase> <!-- monitor1Test -->
</testsuite> <!-- Chrome Test -->
