<?xml version="1.0" encoding="UTF-8"?>
<!-- Generated by org.testng.reporters.JUnitXMLReporter -->
<testsuite ignored="0" hostname="podobreeva" failures="7" tests="7" name="Application Test" time="9.092" errors="0" timestamp="19 февр. 2020 08:17:59 GMT">
  <testcase classname="regressionsuite.NewTest" name="monitorClickLinkMenuFooterTest" time="3.017">
    <failure type="java.lang.NullPointerException">
      <![CDATA[java.lang.NullPointerException
at regressionsuite.NewTest.monitorClickLinkMenuFooterTest(NewTest.java:43)
... Removed 25 stack frames]]>
    </failure>
  </testcase> <!-- monitorClickLinkMenuFooterTest -->
  <testcase classname="regressionsuite.NewTest" name="monitorLinkMenuFooterTest" time="3.005">
    <failure type="java.lang.NullPointerException">
      <![CDATA[java.lang.NullPointerException
at regressionsuite.NewTest.monitorLinkMenuFooterTest(NewTest.java:55)
... Removed 25 stack frames]]>
    </failure>
  </testcase> <!-- monitorLinkMenuFooterTest -->
  <testcase classname="regressionsuite.NewTest" name="monitorMainIconExistenceTest" time="0.003">
    <failure type="java.lang.NullPointerException">
      <![CDATA[java.lang.NullPointerException
at regressionsuite.NewTest.monitorMainIconExistenceTest(NewTest.java:34)
... Removed 25 stack frames]]>
    </failure>
  </testcase> <!-- monitorMainIconExistenceTest -->
  <testcase classname="regressionsuite.NewTest2" name="monitorCurrentUrlToExpectedTest" time="0.002">
    <failure type="java.lang.NullPointerException">
      <![CDATA[java.lang.NullPointerException
at regressionsuite.NewTest2.monitorCurrentUrlToExpectedTest(NewTest2.java:42)
... Removed 25 stack frames]]>
    </failure>
  </testcase> <!-- monitorCurrentUrlToExpectedTest -->
  <testcase classname="regressionsuite.NewTest2" name="monitorExistenceNameSubTabMenuTest" time="3.002">
    <failure type="java.lang.NullPointerException">
      <![CDATA[java.lang.NullPointerException
at regressionsuite.NewTest2.monitorExistenceNameSubTabMenuTest(NewTest2.java:65)
... Removed 25 stack frames]]>
    </failure>
  </testcase> <!-- monitorExistenceNameSubTabMenuTest -->
  <testcase classname="regressionsuite.NewTest2" name="monitorExistenceNameTabMenuTest" time="0.003">
    <failure type="java.lang.NullPointerException">
      <![CDATA[java.lang.NullPointerException
at regressionsuite.NewTest2.monitorExistenceNameTabMenuTest(NewTest2.java:53)
... Removed 25 stack frames]]>
    </failure>
  </testcase> <!-- monitorExistenceNameTabMenuTest -->
  <testcase classname="regressionsuite.NewTest2" name="monitorMainIconExistenceTest" time="0.002">
    <failure type="java.lang.NullPointerException">
      <![CDATA[java.lang.NullPointerException
at regressionsuite.NewTest2.monitorMainIconExistenceTest(NewTest2.java:35)
... Removed 25 stack frames]]>
    </failure>
  </testcase> <!-- monitorMainIconExistenceTest -->
</testsuite> <!-- Application Test -->
