<?xml version="1.0" encoding="UTF-8"?>
<!-- Generated by org.testng.reporters.JUnitXMLReporter -->
<testsuite ignored="2" hostname="podobreeva" failures="0" tests="2" name="GroupsDemo" time="0.047" errors="0" timestamp="21 февр. 2020 06:42:59 GMT">
  <testcase classname="regressionsuite.NewTestGrooping" name="monitor1Test" time="0.012"/>
  <testcase classname="regressionsuite.NewTestGrooping" name="monitor2Test" time="0.006"/>
  <testcase classname="regressionsuite.NewTestGrooping" name="monitor4Test" time="0.0">
    <ignored/>
  </testcase> <!-- monitor4Test -->
  <testcase classname="regressionsuite.NewTestGrooping" name="monitor3Test" time="0.0">
    <ignored/>
  </testcase> <!-- monitor3Test -->
</testsuite> <!-- GroupsDemo -->
