<?xml version="1.0" encoding="UTF-8"?>
<!-- Generated by org.testng.reporters.JUnitXMLReporter -->
<testsuite ignored="0" hostname="podobreeva" failures="0" tests="4" name="Test 1" time="0.074" errors="0" timestamp="21 февр. 2020 13:30:00 GMT">
  <testcase classname="regressionsuite.TestNG_Preserve2" name="monitor3Test" time="0.019"/>
  <testcase classname="regressionsuite.TestNG_Preserve2" name="monitor4Test" time="0.003"/>
  <testcase classname="regressionsuite.TestNG_Preserve1" name="monitor1Test" time="0.005"/>
  <testcase classname="regressionsuite.TestNG_Preserve1" name="monitor2Test" time="0.002"/>
</testsuite> <!-- Test 1 -->
