<?xml version="1.0" encoding="UTF-8"?>
<!-- Generated by org.testng.reporters.JUnitXMLReporter -->
<testsuite ignored="0" hostname="podobreeva" failures="1" tests="2" name="Application Test" time="0.075" errors="0" timestamp="02 мар. 2020 06:37:01 GMT">
  <testcase classname="listenerspackage.TestNG_ListenersTest1" name="testMethod1" time="0.011"/>
  <testcase classname="listenerspackage.TestNG_ListenersTest1" name="testMethod2" time="0.003">
    <failure type="java.lang.AssertionError" message="expected [true] but found [false]">
      <![CDATA[java.lang.AssertionError: expected [true] but found [false]
at listenerspackage.TestNG_ListenersTest1.testMethod2(TestNG_ListenersTest1.java:31)
... Removed 29 stack frames]]>
    </failure>
  </testcase> <!-- testMethod2 -->
</testsuite> <!-- Application Test -->
