<?xml version="1.0" encoding="UTF-8"?>
<!-- Generated by org.testng.reporters.JUnitXMLReporter -->
<testsuite ignored="0" hostname="podobreeva" failures="1" tests="2" name="Application Test 2" time="0.012" errors="0" timestamp="04 мар. 2020 07:02:22 GMT">
  <testcase classname="listenerspackage.TestNG_ListenersTest2" name="testMethod1" time="0.002"/>
  <testcase classname="listenerspackage.TestNG_ListenersTest2" name="testMethod2" time="0.002">
    <failure type="java.lang.AssertionError" message="expected [true] but found [false]">
      <![CDATA[java.lang.AssertionError: expected [true] but found [false]
at listenerspackage.TestNG_ListenersTest2.testMethod2(TestNG_ListenersTest2.java:31)
... Removed 29 stack frames]]>
    </failure>
  </testcase> <!-- testMethod2 -->
</testsuite> <!-- Application Test 2 -->
